<?xml version="1.0" encoding="UTF-8"?>
<testng-results ignored="0" total="1" passed="1" failed="0" skipped="0">
  <reporter-output>
  </reporter-output>
  <suite started-at="2023-10-03T05:31:30 PDT" name="Default suite" finished-at="2023-10-03T05:31:30 PDT" duration-ms="117">
    <groups>
    </groups>
    <test started-at="2023-10-03T05:31:30 PDT" name="Default test" finished-at="2023-10-03T05:31:30 PDT" duration-ms="117">
      <class name="javaPackage.Test1">
        <test-method signature="b()[pri:0, instance:javaPackage.Test1@11981797]" started-at="2023-10-03T05:31:30 PDT" name="b" finished-at="2023-10-03T05:31:30 PDT" duration-ms="18" status="PASS">
          <reporter-output>
          </reporter-output>
        </test-method> <!-- b -->
      </class> <!-- javaPackage.Test1 -->
    </test> <!-- Default test -->
  </suite> <!-- Default suite -->
</testng-results>
